#-----------------------------------------------------------
# Vivado v2018.3 (64-bit)
# SW Build 2405991 on Thu Dec  6 23:38:27 MST 2018
# IP Build 2404404 on Fri Dec  7 01:43:56 MST 2018
# Start of session at: Wed Jan 28 22:07:26 2026
# Process ID: 22952
# Current directory: D:/Vivado/projects/tju_mips/CPU/Mcpu
# Command line: vivado.exe -gui_launcher_event rodinguilauncherevent30580 D:\Vivado\projects\tju_mips\CPU\Mcpu\MiniMIPS_Lite.xpr
# Log file: D:/Vivado/projects/tju_mips/CPU/Mcpu/vivado.log
# Journal file: D:/Vivado/projects/tju_mips/CPU/Mcpu\vivado.jou
#-----------------------------------------------------------
start_gui
open_project D:/Vivado/projects/tju_mips/CPU/Mcpu/MiniMIPS_Lite.xpr
Scanning sources...
Finished scanning sources
INFO: [IP_Flow 19-234] Refreshing IP repositories
INFO: [IP_Flow 19-1704] No user IP repositories specified
INFO: [IP_Flow 19-2313] Loaded Vivado IP repository 'D:/Vivado/Xilinx/Vivado/2018.3/data/ip'.
update_compile_order -fileset sources_1
reset_target all [get_files  D:/Vivado/projects/tju_mips/CPU/Mcpu/MiniMIPS_Lite.srcs/sources_1/ip/inst_rom/inst_rom.xci]
export_ip_user_files -of_objects  [get_files  D:/Vivado/projects/tju_mips/CPU/Mcpu/MiniMIPS_Lite.srcs/sources_1/ip/inst_rom/inst_rom.xci] -sync -no_script -force -quiet
generate_target all [get_files  D:/Vivado/projects/tju_mips/CPU/Mcpu/MiniMIPS_Lite.srcs/sources_1/ip/inst_rom/inst_rom.xci]
INFO: [IP_Flow 19-1686] Generating 'Instantiation Template' target for IP 'inst_rom'...
INFO: [IP_Flow 19-1686] Generating 'Synthesis' target for IP 'inst_rom'...
INFO: [IP_Flow 19-1686] Generating 'Simulation' target for IP 'inst_rom'...
INFO: [IP_Flow 19-1686] Generating 'Change Log' target for IP 'inst_rom'...
catch { config_ip_cache -export [get_ips -all inst_rom] }
INFO: [IP_Flow 19-4993] Using cached IP synthesis design for IP inst_rom, cache-ID = 1e18688e405180c0; cache size = 9.040 MB.
export_ip_user_files -of_objects [get_files D:/Vivado/projects/tju_mips/CPU/Mcpu/MiniMIPS_Lite.srcs/sources_1/ip/inst_rom/inst_rom.xci] -no_script -sync -force -quiet
create_ip_run [get_files -of_objects [get_fileset sources_1] D:/Vivado/projects/tju_mips/CPU/Mcpu/MiniMIPS_Lite.srcs/sources_1/ip/inst_rom/inst_rom.xci]
INFO: [Vivado 12-3453] The given sub-design is up-to-date, no action was taken.  If a run is still desired, use the '-force' option for the file:'D:/Vivado/projects/tju_mips/CPU/Mcpu/MiniMIPS_Lite.srcs/sources_1/ip/inst_rom/inst_rom.xci'
export_simulation -of_objects [get_files D:/Vivado/projects/tju_mips/CPU/Mcpu/MiniMIPS_Lite.srcs/sources_1/ip/inst_rom/inst_rom.xci] -directory D:/Vivado/projects/tju_mips/CPU/Mcpu/MiniMIPS_Lite.ip_user_files/sim_scripts -ip_user_files_dir D:/Vivado/projects/tju_mips/CPU/Mcpu/MiniMIPS_Lite.ip_user_files -ipstatic_source_dir D:/Vivado/projects/tju_mips/CPU/Mcpu/MiniMIPS_Lite.ip_user_files/ipstatic -lib_map_path [list {modelsim=D:/Vivado/projects/tju_mips/CPU/Mcpu/MiniMIPS_Lite.cache/compile_simlib/modelsim} {questa=D:/Vivado/projects/tju_mips/CPU/Mcpu/MiniMIPS_Lite.cache/compile_simlib/questa} {riviera=D:/Vivado/projects/tju_mips/CPU/Mcpu/MiniMIPS_Lite.cache/compile_simlib/riviera} {activehdl=D:/Vivado/projects/tju_mips/CPU/Mcpu/MiniMIPS_Lite.cache/compile_simlib/activehdl}] -use_ip_compiled_libs -force -quiet
launch_simulation
INFO: [Vivado 12-5698] Checking validity of IPs in the design for the 'XSim' simulator...
INFO: [Vivado 12-5682] Launching behavioral simulation in 'D:/Vivado/projects/tju_mips/CPU/Mcpu/MiniMIPS_Lite.sim/sim_1/behav/xsim'
INFO: [Vivado 12-4795] Using compiled simulation libraries for IPs
INFO: [SIM-utils-51] Simulation object is 'sim_1'
INFO: [USF-XSim-7] Finding pre-compiled libraries...
INFO: [USF-XSim-11] File 'D:/Vivado/Xilinx/Vivado/2018.3/data/xsim/xsim.ini' copied to run dir:'D:/Vivado/projects/tju_mips/CPU/Mcpu/MiniMIPS_Lite.sim/sim_1/behav/xsim'
INFO: [SIM-utils-54] Inspecting design source files for 'tb_MiniMIPS32_Lite_FullSyS' in fileset 'sim_1'...
INFO: [SIM-utils-43] Exported 'D:/Vivado/projects/tju_mips/CPU/Mcpu/MiniMIPS_Lite.sim/sim_1/behav/xsim/data_ram.mif'
INFO: [SIM-utils-43] Exported 'D:/Vivado/projects/tju_mips/CPU/Mcpu/MiniMIPS_Lite.sim/sim_1/behav/xsim/data_ram_02.coe'
INFO: [SIM-utils-43] Exported 'D:/Vivado/projects/tju_mips/CPU/Mcpu/MiniMIPS_Lite.sim/sim_1/behav/xsim/full_test_17.coe'
INFO: [SIM-utils-43] Exported 'D:/Vivado/projects/tju_mips/CPU/Mcpu/MiniMIPS_Lite.sim/sim_1/behav/xsim/inst_rom.mif'
INFO: [SIM-utils-43] Exported 'D:/Vivado/projects/tju_mips/CPU/Mcpu/MiniMIPS_Lite.sim/sim_1/behav/xsim/inst_rom.coe'
INFO: [USF-XSim-97] Finding global include files...
INFO: [USF-XSim-98] Fetching design files from 'sim_1'...
INFO: [USF-XSim-2] XSim::Compile design
INFO: [USF-XSim-61] Executing 'COMPILE and ANALYZE' step in 'D:/Vivado/projects/tju_mips/CPU/Mcpu/MiniMIPS_Lite.sim/sim_1/behav/xsim'
"xvlog --incr --relax -prj tb_MiniMIPS32_Lite_FullSyS_vlog.prj"
INFO: [VRFC 10-2263] Analyzing Verilog file "D:/Vivado/projects/tju_mips/CPU/Mcpu/MiniMIPS_Lite.srcs/sources_1/ip/data_ram/sim/data_ram.v" into library xil_defaultlib
INFO: [VRFC 10-311] analyzing module data_ram
INFO: [VRFC 10-2263] Analyzing Verilog file "D:/Vivado/projects/tju_mips/CPU/Mcpu/MiniMIPS_Lite.srcs/sources_1/ip/inst_rom/sim/inst_rom.v" into library xil_defaultlib
INFO: [VRFC 10-311] analyzing module inst_rom
INFO: [VRFC 10-2263] Analyzing Verilog file "D:/Vivado/projects/tju_mips/CPU/Mcpu/MiniMIPS_Lite.srcs/sources_1/ip/clkdiv/clkdiv_clk_wiz.v" into library xil_defaultlib
INFO: [VRFC 10-311] analyzing module clkdiv_clk_wiz
INFO: [VRFC 10-2263] Analyzing Verilog file "D:/Vivado/projects/tju_mips/CPU/Mcpu/MiniMIPS_Lite.srcs/sources_1/ip/clkdiv/clkdiv.v" into library xil_defaultlib
INFO: [VRFC 10-311] analyzing module clkdiv
INFO: [USF-XSim-69] 'compile' step finished in '1' seconds
INFO: [USF-XSim-3] XSim::Elaborate design
INFO: [USF-XSim-61] Executing 'ELABORATE' step in 'D:/Vivado/projects/tju_mips/CPU/Mcpu/MiniMIPS_Lite.sim/sim_1/behav/xsim'
Vivado Simulator 2018.3
Copyright 1986-1999, 2001-2018 Xilinx, Inc. All Rights Reserved.
Running: D:/Vivado/Xilinx/Vivado/2018.3/bin/unwrapped/win64.o/xelab.exe -wto 3e013e88e4d947f2ac71e3f268cb62d3 --incr --debug typical --relax --mt 2 -L dist_mem_gen_v8_0_12 -L xil_defaultlib -L unisims_ver -L unimacro_ver -L secureip -L xpm --snapshot tb_MiniMIPS32_Lite_FullSyS_behav xil_defaultlib.tb_MiniMIPS32_Lite_FullSyS xil_defaultlib.glbl -log elaborate.log 
Using 2 slave threads.
Starting static elaboration
WARNING: [VRFC 10-3091] actual bit length 16 differs from formal bit length 14 for port 'a' [D:/Vivado/projects/tju_mips/CPU/Mcpu/MiniMIPS_Lite.srcs/sources_1/new/MiniMIPS32_Lite_FullSyS.sv:70]
WARNING: [VRFC 10-3091] actual bit length 16 differs from formal bit length 14 for port 'a' [D:/Vivado/projects/tju_mips/CPU/Mcpu/MiniMIPS_Lite.srcs/sources_1/new/MiniMIPS32_Lite_FullSyS.sv:79]
Completed static elaboration
Starting simulation data flow analysis
Completed simulation data flow analysis
Time Resolution for simulation is 1ps
Compiling module unisims_ver.IBUF
Compiling module unisims_ver.MMCME2_ADV(CLKFBOUT_MULT_F=10.0,...
Compiling module unisims_ver.BUFG
Compiling module xil_defaultlib.clkdiv_clk_wiz
Compiling module xil_defaultlib.clkdiv
Compiling module xil_defaultlib.if_stage
Compiling module xil_defaultlib.ifid_reg
Compiling module xil_defaultlib.id_stage
Compiling module xil_defaultlib.regfile
Compiling module xil_defaultlib.idexe_reg
Compiling module xil_defaultlib.exe_stage
Compiling module xil_defaultlib.exemem_reg
Compiling module xil_defaultlib.mem_stage
Compiling module xil_defaultlib.memwb_reg
Compiling module xil_defaultlib.wb_stage
Compiling module xil_defaultlib.MiniMIPS32_Lite
Compiling module dist_mem_gen_v8_0_12.dist_mem_gen_v8_0_12(C_FAMILY="z...
Compiling module xil_defaultlib.inst_rom
Compiling module dist_mem_gen_v8_0_12.dist_mem_gen_v8_0_12(C_FAMILY="z...
Compiling module xil_defaultlib.data_ram
Compiling module xil_defaultlib.MiniMIPS32_Lite_FullSyS
Compiling module xil_defaultlib.tb_MiniMIPS32_Lite_FullSyS
Compiling module xil_defaultlib.glbl
Built simulation snapshot tb_MiniMIPS32_Lite_FullSyS_behav
INFO: [USF-XSim-69] 'elaborate' step finished in '2' seconds
INFO: [USF-XSim-4] XSim::Simulate design
INFO: [USF-XSim-61] Executing 'SIMULATE' step in 'D:/Vivado/projects/tju_mips/CPU/Mcpu/MiniMIPS_Lite.sim/sim_1/behav/xsim'
INFO: [USF-XSim-98] *** Running xsim
   with args "tb_MiniMIPS32_Lite_FullSyS_behav -key {Behavioral:sim_1:Functional:tb_MiniMIPS32_Lite_FullSyS} -tclbatch {tb_MiniMIPS32_Lite_FullSyS.tcl} -log {simulate.log}"
INFO: [USF-XSim-8] Loading simulator feature
Vivado Simulator 2018.3
Time resolution is 1 ps
source tb_MiniMIPS32_Lite_FullSyS.tcl
# set curr_wave [current_wave_config]
# if { [string length $curr_wave] == 0 } {
#   if { [llength [get_objects]] > 0} {
#     add_wave /
#     set_property needs_save false [current_wave_config]
#   } else {
#      send_msg_id Add_Wave-1 WARNING "No top level signals found. Simulator will start without a wave window. If you want to open a wave window go to 'File->New Waveform Configuration' or type 'create_wave_config' in the TCL console."
#   }
# }
# log_wave -r /
WARNING: [Simtcl 6-197] One or more HDL objects could not be logged because of object type or size limitations.  To see details please rerun the command with -verbose (-v).
# run 1000ns
WARNING: This core is supplied with a behavioral model. To model cycle-accurate behavior you must run timing simulation.
WARNING: This core is supplied with a behavioral model. To model cycle-accurate behavior you must run timing simulation.
--------------------------------------------------------------
[                   0]ns
reference: PC = 0x80000000, wb_rf_wnum = 0x12, wb_rf_wdata = 0x0000013c
--------------------------------------------------------------
--------------------------------------------------------------
[                   0]ns
reference: PC = 0x80000008, wb_rf_wnum = 0x10, wb_rf_wdata = 0x00002100
--------------------------------------------------------------
--------------------------------------------------------------
[                   0]ns
reference: PC = 0x8000000c, wb_rf_wnum = 0x18, wb_rf_wdata = 0x00004100
--------------------------------------------------------------
INFO: [USF-XSim-96] XSim completed. Design snapshot 'tb_MiniMIPS32_Lite_FullSyS_behav' loaded.
INFO: [USF-XSim-97] XSim simulation ran for 1000ns
launch_simulation: Time (s): cpu = 00:00:02 ; elapsed = 00:00:06 . Memory (MB): peak = 921.629 ; gain = 39.262
run all
--------------------------------------------------------------
[                1000]ns
reference: PC = 0x80000048, wb_rf_wnum = 0x02, wb_rf_wdata = 0x00000000
--------------------------------------------------------------
--------------------------------------------------------------
[                1000]ns
reference: PC = 0x80000050, wb_rf_wnum = 0x02, wb_rf_wdata = 0x00000000
--------------------------------------------------------------
--------------------------------------------------------------
[              328000]ns
reference: PC = 0x80010000, wb_rf_wnum = 0x12, wb_rf_wdata = 0x0000013c
--------------------------------------------------------------
--------------------------------------------------------------
[              328000]ns
reference: PC = 0x80010008, wb_rf_wnum = 0x10, wb_rf_wdata = 0x00002100
--------------------------------------------------------------
--------------------------------------------------------------
[              328000]ns
reference: PC = 0x8001000c, wb_rf_wnum = 0x18, wb_rf_wdata = 0x00006200
--------------------------------------------------------------
--------------------------------------------------------------
[              328000]ns
reference: PC = 0x80010048, wb_rf_wnum = 0x02, wb_rf_wdata = 0x00000000
--------------------------------------------------------------
--------------------------------------------------------------
[              328000]ns
reference: PC = 0x80010050, wb_rf_wnum = 0x02, wb_rf_wdata = 0x00000000
--------------------------------------------------------------
--------------------------------------------------------------
[              656000]ns
reference: PC = 0x80020000, wb_rf_wnum = 0x12, wb_rf_wdata = 0x0000013c
--------------------------------------------------------------
--------------------------------------------------------------
[              656000]ns
reference: PC = 0x80020008, wb_rf_wnum = 0x10, wb_rf_wdata = 0x00002100
--------------------------------------------------------------
--------------------------------------------------------------
[              656000]ns
reference: PC = 0x8002000c, wb_rf_wnum = 0x18, wb_rf_wdata = 0x00006200
--------------------------------------------------------------
--------------------------------------------------------------
[              656000]ns
reference: PC = 0x80020048, wb_rf_wnum = 0x02, wb_rf_wdata = 0x00000000
--------------------------------------------------------------
--------------------------------------------------------------
[              656000]ns
reference: PC = 0x80020050, wb_rf_wnum = 0x02, wb_rf_wdata = 0x00000000
--------------------------------------------------------------
--------------------------------------------------------------
[              983000]ns
reference: PC = 0x80030000, wb_rf_wnum = 0x12, wb_rf_wdata = 0x0000013c
--------------------------------------------------------------
--------------------------------------------------------------
[              983000]ns
reference: PC = 0x80030008, wb_rf_wnum = 0x10, wb_rf_wdata = 0x00002100
--------------------------------------------------------------
--------------------------------------------------------------
[              983000]ns
reference: PC = 0x8003000c, wb_rf_wnum = 0x18, wb_rf_wdata = 0x00006200
--------------------------------------------------------------
--------------------------------------------------------------
[              984000]ns
reference: PC = 0x80030048, wb_rf_wnum = 0x02, wb_rf_wdata = 0x00000000
--------------------------------------------------------------
--------------------------------------------------------------
[              984000]ns
reference: PC = 0x80030050, wb_rf_wnum = 0x02, wb_rf_wdata = 0x00000000
--------------------------------------------------------------
INFO: [Common 17-41] Interrupt caught. Command should exit soon.
run: Time (s): cpu = 00:00:04 ; elapsed = 00:00:07 . Memory (MB): peak = 921.629 ; gain = 0.000
INFO: [Common 17-344] 'run' was cancelled
close_sim
INFO: [Simtcl 6-16] Simulation closed
exit
INFO: [Common 17-206] Exiting Vivado at Wed Jan 28 22:21:03 2026...
